# JRE version: OpenJDK Runtime Environment 18.9 (11.0.14.1+1) (build 11.0.14.1+1)
# Java VM: OpenJDK 64-Bit Server VM 18.9 (11.0.14.1+1, mixed mode, tiered, compressed oops, g1 gc, windows-amd64)
Heap:
 garbage-first heap   total 262144K, used 152364K [0x0000000080000000, 0x0000000100000000)
  region size 1024K, 16 young (16384K), 6 survivors (6144K)
 Metaspace       used 111036K, capacity 115585K, committed 115664K, reserved 616448K
  class space    used 14608K, capacity 16455K, committed 16512K, reserved 516096K
GC Heap History (20 events):
Event: 37.724 GC heap before
{Heap before GC invocations=7 (full 0):
 garbage-first heap   total 262144K, used 172324K [0x0000000080000000, 0x0000000100000000)
  region size 1024K, 152 young (155648K), 14 survivors (14336K)
 Metaspace       used 57289K, capacity 58789K, committed 59088K, reserved 567296K
  class space    used 7353K, capacity 7971K, committed 8064K, reserved 516096K
}
Event: 37.743 GC heap after
{Heap after GC invocations=8 (full 0):
 garbage-first heap   total 262144K, used 38053K [0x0000000080000000, 0x0000000100000000)
  region size 1024K, 16 young (16384K), 16 survivors (16384K)
 Metaspace       used 57289K, capacity 58789K, committed 59088K, reserved 567296K
  class space    used 7353K, capacity 7971K, committed 8064K, reserved 516096K
}
Event: 38.334 GC heap before
{Heap before GC invocations=8 (full 0):
 garbage-first heap   total 262144K, used 63653K [0x0000000080000000, 0x0000000100000000)
  region size 1024K, 38 young (38912K), 16 survivors (16384K)
 Metaspace       used 58652K, capacity 60164K, committed 60240K, reserved 569344K
  class space    used 7496K, capacity 8173K, committed 8192K, reserved 516096K
}
Event: 38.361 GC heap after
{Heap after GC invocations=9 (full 0):
 garbage-first heap   total 262144K, used 45961K [0x0000000080000000, 0x0000000100000000)
  region size 1024K, 12 young (12288K), 12 survivors (12288K)
 Metaspace       used 58652K, capacity 60164K, committed 60240K, reserved 569344K
  class space    used 7496K, capacity 8173K, committed 8192K, reserved 516096K
}
Event: 40.257 GC heap before
{Heap before GC invocations=10 (full 0):
 garbage-first heap   total 262144K, used 186249K [0x0000000080000000, 0x0000000100000000)
  region size 1024K, 150 young (153600K), 12 survivors (12288K)
 Metaspace       used 70048K, capacity 71916K, committed 72272K, reserved 579584K
  class space    used 9091K, capacity 9866K, committed 9984K, reserved 516096K
}
Event: 40.277 GC heap after
{Heap after GC invocations=11 (full 0):
 garbage-first heap   total 262144K, used 50515K [0x0000000080000000, 0x0000000100000000)
  region size 1024K, 9 young (9216K), 9 survivors (9216K)
 Metaspace       used 70048K, capacity 71916K, committed 72272K, reserved 579584K
  class space    used 9091K, capacity 9866K, committed 9984K, reserved 516096K
}
Event: 44.098 GC heap before
{Heap before GC invocations=12 (full 0):
 garbage-first heap   total 262144K, used 200019K [0x0000000080000000, 0x0000000100000000)
  region size 1024K, 151 young (154624K), 9 survivors (9216K)
 Metaspace       used 77885K, capacity 80278K, committed 80464K, reserved 585728K
  class space    used 10160K, capacity 11160K, committed 11264K, reserved 516096K
}
Event: 44.117 GC heap after
{Heap after GC invocations=13 (full 0):
 garbage-first heap   total 262144K, used 68092K [0x0000000080000000, 0x0000000100000000)
  region size 1024K, 19 young (19456K), 19 survivors (19456K)
 Metaspace       used 77885K, capacity 80278K, committed 80464K, reserved 585728K
  class space    used 10160K, capacity 11160K, committed 11264K, reserved 516096K
}
Event: 52.720 GC heap before
{Heap before GC invocations=13 (full 0):
 garbage-first heap   total 262144K, used 207356K [0x0000000080000000, 0x0000000100000000)
  region size 1024K, 147 young (150528K), 19 survivors (19456K)
 Metaspace       used 89834K, capacity 92353K, committed 92624K, reserved 598016K
  class space    used 11573K, capacity 12640K, committed 12672K, reserved 516096K
}
Event: 52.744 GC heap after
{Heap after GC invocations=14 (full 0):
 garbage-first heap   total 262144K, used 77817K [0x0000000080000000, 0x0000000100000000)
  region size 1024K, 10 young (10240K), 10 survivors (10240K)
 Metaspace       used 89834K, capacity 92353K, committed 92624K, reserved 598016K
  class space    used 11573K, capacity 12640K, committed 12672K, reserved 516096K
}
Event: 61.590 GC heap before
{Heap before GC invocations=14 (full 0):
 garbage-first heap   total 262144K, used 201721K [0x0000000080000000, 0x0000000100000000)
  region size 1024K, 131 young (134144K), 10 survivors (10240K)
 Metaspace       used 96074K, capacity 98825K, committed 99024K, reserved 602112K
  class space    used 12588K, capacity 13693K, committed 13696K, reserved 516096K
}
Event: 61.605 GC heap after
{Heap after GC invocations=15 (full 0):
 garbage-first heap   total 262144K, used 85398K [0x0000000080000000, 0x0000000100000000)
  region size 1024K, 17 young (17408K), 17 survivors (17408K)
 Metaspace       used 96074K, capacity 98825K, committed 99024K, reserved 602112K
  class space    used 12588K, capacity 13693K, committed 13696K, reserved 516096K
}
Event: 63.581 GC heap before
{Heap before GC invocations=15 (full 0):
 garbage-first heap   total 262144K, used 211350K [0x0000000080000000, 0x0000000100000000)
  region size 1024K, 134 young (137216K), 17 survivors (17408K)
 Metaspace       used 101816K, capacity 105112K, committed 105424K, reserved 608256K
  class space    used 13358K, capacity 14646K, committed 14720K, reserved 516096K
}
Event: 63.601 GC heap after
{Heap after GC invocations=16 (full 0):
 garbage-first heap   total 262144K, used 102151K [0x0000000080000000, 0x0000000100000000)
  region size 1024K, 17 young (17408K), 17 survivors (17408K)
 Metaspace       used 101816K, capacity 105112K, committed 105424K, reserved 608256K
  class space    used 13358K, capacity 14646K, committed 14720K, reserved 516096K
}
Event: 65.312 GC heap before
{Heap before GC invocations=16 (full 0):
 garbage-first heap   total 262144K, used 205575K [0x0000000080000000, 0x0000000100000000)
  region size 1024K, 119 young (121856K), 17 survivors (17408K)
 Metaspace       used 104820K, capacity 108510K, committed 108624K, reserved 610304K
  class space    used 13809K, capacity 15345K, committed 15360K, reserved 516096K
}
Event: 65.342 GC heap after
{Heap after GC invocations=17 (full 0):
 garbage-first heap   total 262144K, used 116725K [0x0000000080000000, 0x0000000100000000)
  region size 1024K, 14 young (14336K), 14 survivors (14336K)
 Metaspace       used 104820K, capacity 108510K, committed 108624K, reserved 610304K
  class space    used 13809K, capacity 15345K, committed 15360K, reserved 516096K
}
Event: 67.239 GC heap before
{Heap before GC invocations=17 (full 0):
 garbage-first heap   total 262144K, used 206837K [0x0000000080000000, 0x0000000100000000)
  region size 1024K, 102 young (104448K), 14 survivors (14336K)
 Metaspace       used 107004K, capacity 111702K, committed 111824K, reserved 612352K
  class space    used 14094K, capacity 15969K, committed 16000K, reserved 516096K
}
Event: 67.271 GC heap after
{Heap after GC invocations=18 (full 0):
 garbage-first heap   total 262144K, used 135168K [0x0000000080000000, 0x0000000100000000)
  region size 1024K, 13 young (13312K), 13 survivors (13312K)
 Metaspace       used 107004K, capacity 111702K, committed 111824K, reserved 612352K
  class space    used 14094K, capacity 15969K, committed 16000K, reserved 516096K
}
Event: 68.729 GC heap before
{Heap before GC invocations=18 (full 0):
 garbage-first heap   total 262144K, used 206848K [0x0000000080000000, 0x0000000100000000)
  region size 1024K, 83 young (84992K), 13 survivors (13312K)
 Metaspace       used 110898K, capacity 115447K, committed 115664K, reserved 616448K
  class space    used 14602K, capacity 16454K, committed 16512K, reserved 516096K
}
Event: 68.754 GC heap after
{Heap after GC invocations=19 (full 0):
 garbage-first heap   total 262144K, used 143148K [0x0000000080000000, 0x0000000100000000)
  region size 1024K, 6 young (6144K), 6 survivors (6144K)
 Metaspace       used 110898K, capacity 115447K, committed 115664K, reserved 616448K
  class space    used 14602K, capacity 16454K, committed 16512K, reserved 516096K
}

