# JRE version: OpenJDK Runtime Environment 18.9 (11.0.14.1+1) (build 11.0.14.1+1)
# Java VM: OpenJDK 64-Bit Server VM 18.9 (11.0.14.1+1, mixed mode, tiered, compressed oops, g1 gc, windows-amd64)
Heap:
 garbage-first heap   total 262144K, used 202047K [0x0000000080000000, 0x0000000100000000)
  region size 1024K, 13 young (13312K), 2 survivors (2048K)
 Metaspace       used 119522K, capacity 125750K, committed 126044K, reserved 624640K
  class space    used 15838K, capacity 18257K, committed 18304K, reserved 516096K
GC Heap History (20 events):
Event: 48.203 GC heap before
{Heap before GC invocations=16 (full 0):
 garbage-first heap   total 262144K, used 200716K [0x0000000080000000, 0x0000000100000000)
  region size 1024K, 105 young (107520K), 6 survivors (6144K)
 Metaspace       used 100453K, capacity 104018K, committed 104284K, reserved 606208K
  class space    used 13242K, capacity 14657K, committed 14720K, reserved 516096K
}
Event: 48.218 GC heap after
{Heap after GC invocations=17 (full 0):
 garbage-first heap   total 262144K, used 111349K [0x0000000080000000, 0x0000000100000000)
  region size 1024K, 14 young (14336K), 14 survivors (14336K)
 Metaspace       used 100453K, capacity 104018K, committed 104284K, reserved 606208K
  class space    used 13242K, capacity 14657K, committed 14720K, reserved 516096K
}
Event: 50.019 GC heap before
{Heap before GC invocations=17 (full 0):
 garbage-first heap   total 262144K, used 203509K [0x0000000080000000, 0x0000000100000000)
  region size 1024K, 105 young (107520K), 14 survivors (14336K)
 Metaspace       used 102360K, capacity 106914K, committed 107228K, reserved 608256K
  class space    used 13482K, capacity 15271K, committed 15360K, reserved 516096K
}
Event: 50.047 GC heap after
{Heap after GC invocations=18 (full 0):
 garbage-first heap   total 262144K, used 131652K [0x0000000080000000, 0x0000000100000000)
  region size 1024K, 14 young (14336K), 14 survivors (14336K)
 Metaspace       used 102360K, capacity 106914K, committed 107228K, reserved 608256K
  class space    used 13482K, capacity 15271K, committed 15360K, reserved 516096K
}
Event: 51.153 GC heap before
{Heap before GC invocations=18 (full 0):
 garbage-first heap   total 262144K, used 205380K [0x0000000080000000, 0x0000000100000000)
  region size 1024K, 86 young (88064K), 14 survivors (14336K)
 Metaspace       used 106464K, capacity 111070K, committed 111324K, reserved 612352K
  class space    used 14021K, capacity 15828K, committed 15872K, reserved 516096K
}
Event: 51.173 GC heap after
{Heap after GC invocations=19 (full 0):
 garbage-first heap   total 262144K, used 140285K [0x0000000080000000, 0x0000000100000000)
  region size 1024K, 7 young (7168K), 7 survivors (7168K)
 Metaspace       used 106464K, capacity 111070K, committed 111324K, reserved 612352K
  class space    used 14021K, capacity 15828K, committed 15872K, reserved 516096K
}
Event: 52.004 GC heap before
{Heap before GC invocations=19 (full 0):
 garbage-first heap   total 262144K, used 210941K [0x0000000080000000, 0x0000000100000000)
  region size 1024K, 76 young (77824K), 7 survivors (7168K)
 Metaspace       used 108898K, capacity 113759K, committed 113884K, reserved 614400K
  class space    used 14341K, capacity 16266K, committed 16384K, reserved 516096K
}
Event: 52.021 GC heap after
{Heap after GC invocations=20 (full 0):
 garbage-first heap   total 262144K, used 146304K [0x0000000080000000, 0x0000000100000000)
  region size 1024K, 7 young (7168K), 7 survivors (7168K)
 Metaspace       used 108898K, capacity 113759K, committed 113884K, reserved 614400K
  class space    used 14341K, capacity 16266K, committed 16384K, reserved 516096K
}
Event: 53.172 GC heap before
{Heap before GC invocations=21 (full 0):
 garbage-first heap   total 262144K, used 211840K [0x0000000080000000, 0x0000000100000000)
  region size 1024K, 72 young (73728K), 7 survivors (7168K)
 Metaspace       used 110864K, capacity 116241K, committed 116444K, reserved 616448K
  class space    used 14630K, capacity 16805K, committed 16896K, reserved 516096K
}
Event: 53.187 GC heap after
{Heap after GC invocations=22 (full 0):
 garbage-first heap   total 262144K, used 156858K [0x0000000080000000, 0x0000000100000000)
  region size 1024K, 9 young (9216K), 9 survivors (9216K)
 Metaspace       used 110864K, capacity 116241K, committed 116444K, reserved 616448K
  class space    used 14630K, capacity 16805K, committed 16896K, reserved 516096K
}
Event: 53.870 GC heap before
{Heap before GC invocations=22 (full 0):
 garbage-first heap   total 262144K, used 192698K [0x0000000080000000, 0x0000000100000000)
  region size 1024K, 45 young (46080K), 9 survivors (9216K)
 Metaspace       used 111759K, capacity 117339K, committed 117596K, reserved 618496K
  class space    used 14764K, capacity 16996K, committed 17024K, reserved 516096K
}
Event: 53.892 GC heap after
{Heap after GC invocations=23 (full 0):
 garbage-first heap   total 262144K, used 165888K [0x0000000080000000, 0x0000000100000000)
  region size 1024K, 8 young (8192K), 8 survivors (8192K)
 Metaspace       used 111759K, capacity 117339K, committed 117596K, reserved 618496K
  class space    used 14764K, capacity 16996K, committed 17024K, reserved 516096K
}
Event: 54.327 GC heap before
{Heap before GC invocations=24 (full 0):
 garbage-first heap   total 262144K, used 217088K [0x0000000080000000, 0x0000000100000000)
  region size 1024K, 51 young (52224K), 8 survivors (8192K)
 Metaspace       used 113386K, capacity 119240K, committed 119516K, reserved 618496K
  class space    used 15003K, capacity 17287K, committed 17408K, reserved 516096K
}
Event: 54.341 GC heap after
{Heap after GC invocations=25 (full 0):
 garbage-first heap   total 262144K, used 171226K [0x0000000080000000, 0x0000000100000000)
  region size 1024K, 6 young (6144K), 6 survivors (6144K)
 Metaspace       used 113386K, capacity 119240K, committed 119516K, reserved 618496K
  class space    used 15003K, capacity 17287K, committed 17408K, reserved 516096K
}
Event: 55.200 GC heap before
{Heap before GC invocations=25 (full 0):
 garbage-first heap   total 262144K, used 211162K [0x0000000080000000, 0x0000000100000000)
  region size 1024K, 47 young (48128K), 6 survivors (6144K)
 Metaspace       used 116350K, capacity 122203K, committed 122460K, reserved 622592K
  class space    used 15403K, capacity 17703K, committed 17792K, reserved 516096K
}
Event: 55.209 GC heap after
{Heap after GC invocations=26 (full 0):
 garbage-first heap   total 262144K, used 174737K [0x0000000080000000, 0x0000000100000000)
  region size 1024K, 4 young (4096K), 4 survivors (4096K)
 Metaspace       used 116350K, capacity 122203K, committed 122460K, reserved 622592K
  class space    used 15403K, capacity 17703K, committed 17792K, reserved 516096K
}
Event: 56.247 GC heap before
{Heap before GC invocations=27 (full 0):
 garbage-first heap   total 262144K, used 220817K [0x0000000080000000, 0x0000000100000000)
  region size 1024K, 45 young (46080K), 4 survivors (4096K)
 Metaspace       used 118490K, capacity 124594K, committed 124892K, reserved 624640K
  class space    used 15701K, capacity 18110K, committed 18176K, reserved 516096K
}
Event: 56.255 GC heap after
{Heap after GC invocations=28 (full 0):
 garbage-first heap   total 262144K, used 185893K [0x0000000080000000, 0x0000000100000000)
  region size 1024K, 6 young (6144K), 6 survivors (6144K)
 Metaspace       used 118490K, capacity 124594K, committed 124892K, reserved 624640K
  class space    used 15701K, capacity 18110K, committed 18176K, reserved 516096K
}
Event: 56.439 GC heap before
{Heap before GC invocations=28 (full 0):
 garbage-first heap   total 262144K, used 197157K [0x0000000080000000, 0x0000000100000000)
  region size 1024K, 19 young (19456K), 6 survivors (6144K)
 Metaspace       used 118794K, capacity 124984K, committed 125148K, reserved 624640K
  class space    used 15738K, capacity 18152K, committed 18176K, reserved 516096K
}
Event: 56.448 GC heap after
{Heap after GC invocations=29 (full 0):
 garbage-first heap   total 262144K, used 187711K [0x0000000080000000, 0x0000000100000000)
  region size 1024K, 2 young (2048K), 2 survivors (2048K)
 Metaspace       used 118794K, capacity 124984K, committed 125148K, reserved 624640K
  class space    used 15738K, capacity 18152K, committed 18176K, reserved 516096K
}

